<?xml version="1.0" encoding="UTF-8"?>
<testng-results ignored="0" total="1" passed="1" failed="0" skipped="0">
  <reporter-output>
    <line>
      <![CDATA[Chrome Launched Successfully]]>
    </line>
    <line>
      <![CDATA[User Launched https://www.amazon.in/ Application]]>
    </line>
    <line>
      <![CDATA[User in Online Shopping site in India: Shop Online for Mobiles, Books, Watches, Shoes and More - Amazon.in : page]]>
    </line>
    <line>
      <![CDATA[Test Started SearchProduct]]>
    </line>
    <line>
      <![CDATA[User Entered Product in Search: Clocks]]>
    </line>
    <line>
      <![CDATA[User Clicked Search Icon]]>
    </line>
    <line>
      <![CDATA[Amazon.in : Clocks]]>
    </line>
    <line>
      <![CDATA[Total Number of Product is : 24]]>
    </line>
    <line>
      <![CDATA[Vintage Clock Analog Handcrafted Wood And Brass Wall Clock (8 Inches 20 Cm's) Pure Brass With Antique Finish
322
Limited time deal
₹699
M.R.P:
₹3,196 (78% off)
Save ₹25 with coupon
FREE delivery Sun, 6 Jul
Add to cart]]>
    </line>
    <line>
      <![CDATA[==========================================]]>
    </line>
    <line>
      <![CDATA[Vintage Clock Painted Handcrafted Wooden Wall Clock/One Year Warranty / 5583-10-H
₹1,149
M.R.P:
₹4,596 (75% off)
Save ₹25 with coupon
FREE delivery Thu, 26 Jun
Or fastest delivery Tomorrow, 24 Jun
Add to cart]]>
    </line>
    <line>
      <![CDATA[==========================================]]>
    </line>
    <line>
      <![CDATA[Vintage Clock Handcrafted Peacock Wooden Non-Ticking Analog Clock With Hand-Painted Art Work(Multicolour,Small 10X10 Inches/25 X 25 Cm,Dial Size : 5 Inches/13 Cm)
555
Limited time deal
₹1,295
M.R.P:
₹4,596 (72% off)
Buy 2 items, get 3% off
FREE delivery Thu, 26 Jun
Or fastest delivery Wed, 25 Jun
Add to cart]]>
    </line>
    <line>
      <![CDATA[==========================================]]>
    </line>
    <line>
      <![CDATA[Vintage Clock Brass Handcrafted Wooden Wall Clock/One Year Warranty / 1711-10-FH
₹1,295
M.R.P:
₹5,180 (75% off)
Buy 2 items, get 3% off
FREE delivery Mon, 30 Jun
Add to cart]]>
    </line>
    <line>
      <![CDATA[==========================================]]>
    </line>
    <line>
      <![CDATA[Vintage Clock Brass Handcrafted Wooden Wall Clock/One Year Warranty / 1711-10-FR
₹1,295
M.R.P:
₹5,180 (75% off)
Buy 2 items, get 3% off
FREE delivery Mon, 30 Jun
Add to cart]]>
    </line>
    <line>
      <![CDATA[==========================================]]>
    </line>
    <line>
      <![CDATA[Vintage Clock Double Side (Railway Style)Analog Clock With Brass Finish & 1 Year Warranty (6 Inches 15X15 Cm's Size)
2,195
100+ bought in past month
Limited time deal
₹1,388
M.R.P:
₹5,996 (77% off)
Save ₹25 with coupon
FREE delivery Thu, 26 Jun
Or fastest delivery Tomorrow, 24 Jun
Add to cart]]>
    </line>
    <line>
      <![CDATA[==========================================]]>
    </line>
    <line>
      <![CDATA[Vintage Clock Handcrafted Double Side Clock/Railway (Station) Analog Clock/Floral Design / 6 Inches Size/Brass Finish/Double Side Roman Number
4,955
Limited time deal
₹1,395
M.R.P:
₹5,596 (75% off)
Save ₹25 with coupon
FREE delivery Mon, 30 Jun
Add to cart]]>
    </line>
    <line>
      <![CDATA[==========================================]]>
    </line>
    <line>
      <![CDATA[Vintage Clock Handcrafted Double Side Wall Clock 1 Year Warranty / 65091-6-HH
94
Limited time deal
₹1,395
M.R.P:
₹5,780 (76% off)
Save ₹25 with coupon
FREE delivery Thu, 26 Jun
Or fastest delivery Tomorrow, 24 Jun
Add to cart]]>
    </line>
    <line>
      <![CDATA[==========================================]]>
    </line>
    <line>
      <![CDATA[Vintage Clock Radiant Painted Clock
79
₹1,395
M.R.P:
₹7,196 (81% off)
Buy 2 items, get 3% off
FREE delivery Mon, 30 Jun
Only 1 left in stock.
Add to cart]]>
    </line>
    <line>
      <![CDATA[==========================================]]>
    </line>
    <line>
      <![CDATA[Vintage Clock Handcrafted Double Side Clock with English & Roman Numbers 1 Year Warranty (6 Inches Size, Brass Finish, Floral Design)
12
Limited time deal
₹1,395
M.R.P:
₹6,796 (79% off)
Buy 2 items, get 3% off
FREE delivery Mon, 30 Jun
Add to cart]]>
    </line>
    <line>
      <![CDATA[==========================================]]>
    </line>
    <line>
      <![CDATA[Vintage Clock Handcrafted Double Side Clock with English Numbers 1 Year Warranty (6 Inches Size, Brass Finish, Floral Design)
1
Limited time deal
₹1,395
M.R.P:
₹6,996 (80% off)
Buy 2 items, get 3% off
FREE delivery Mon, 30 Jun
Add to cart]]>
    </line>
    <line>
      <![CDATA[==========================================]]>
    </line>
    <line>
      <![CDATA[Vintage Clock Handcrafted Double Side Clock with Roman Numbers 1 Year Warranty (6 Inches Size, Brass Finish, Floral Design)
1
Limited time deal
₹1,395
M.R.P:
₹6,796 (79% off)
Buy 2 items, get 3% off
FREE delivery Mon, 30 Jun
Add to cart]]>
    </line>
    <line>
      <![CDATA[==========================================]]>
    </line>
    <line>
      <![CDATA[Vintage Clock Hand-Painted Wooden Wall Clock / 12 Inch (30 CM's) / VC-5639-12-H-Analog
2,031
50+ bought in past month
Limited time deal
₹1,449
M.R.P:
₹5,996 (76% off)
Save ₹25 with coupon
FREE delivery Thu, 26 Jun
Or fastest delivery Tomorrow, 24 Jun
Service: Installation
Add to cart]]>
    </line>
    <line>
      <![CDATA[==========================================]]>
    </line>
    <line>
      <![CDATA[Vintage Clock Abstract Solid Pine Wood Mdf Wall Analog Clock (12 X 12 Inches, Dial: 8 Inches, Black)
167
Limited time deal
₹1,449
M.R.P:
₹4,796 (70% off)
Save ₹25 with coupon
FREE delivery Mon, 30 Jun
Add to cart]]>
    </line>
    <line>
      <![CDATA[==========================================]]>
    </line>
    <line>
      <![CDATA[Vintage Clock Metal Double Side Hand-Crafted Black Wall Clock / 8 Inch (20 CM's) / VC-6570-Analog
1,841
100+ bought in past month
Limited time deal
₹1,488
M.R.P:
₹6,796 (78% off)
Save ₹25 with coupon
FREE delivery Sat, 28 Jun
Service: Installation
Add to cart]]>
    </line>
    <line>
      <![CDATA[==========================================]]>
    </line>
    <line>
      <![CDATA[Vintage Clock Brass Inlay Wooden Shiny Red Handcrafted Wall Clock/One Year Warranty / 9142-12-FH
10
Limited time deal
₹1,495
M.R.P:
₹6,796 (78% off)
Buy 2 items, get 3% off
FREE delivery Mon, 30 Jun
Add to cart]]>
    </line>
    <line>
      <![CDATA[==========================================]]>
    </line>
    <line>
      <![CDATA[Vintage Clock Handcrafted Double Side Clock with Roman Numbers 1 Year Warranty (8 Inches Size, Brass Finish, Floral Design)
7
Limited time deal
₹1,495
M.R.P:
₹6,396 (77% off)
Save ₹25 with coupon
FREE delivery Mon, 30 Jun
Add to cart]]>
    </line>
    <line>
      <![CDATA[==========================================]]>
    </line>
    <line>
      <![CDATA[Vintage Clock Handcrafted Double Side Clock with English & Roman Numbers 1 Year Warranty (8 Inches Size, Brass Finish, Floral Design)
62
Limited time deal
₹1,495
M.R.P:
₹6,796 (78% off)
Save ₹25 with coupon
FREE delivery Mon, 30 Jun
Add to cart]]>
    </line>
    <line>
      <![CDATA[==========================================]]>
    </line>
    <line>
      <![CDATA[Vintage Clock Handcrafted Double Side Clock with English Numbers 1 Year Warranty (8 Inches Size, Brass Finish, Floral Design)
11
Limited time deal
₹1,495
M.R.P:
₹7,196 (79% off)
Buy 2 items, get 3% off
FREE delivery Mon, 30 Jun
Add to cart]]>
    </line>
    <line>
      <![CDATA[==========================================]]>
    </line>
    <line>
      <![CDATA[Vintage Clock Brass Handcrafted Wooden Wall Clock/One Year Warranty / 1711-12-FH
₹1,495
M.R.P:
₹5,980 (75% off)
Buy 2 items, get 3% off
FREE delivery Mon, 30 Jun
Only 1 left in stock.
Add to cart]]>
    </line>
    <line>
      <![CDATA[==========================================]]>
    </line>
    <line>
      <![CDATA[Vintage Clock Iron Handcrafted Double Side Wall Clock 1 Year Warranty / 65700-8-Hr, Analog, Multicolor
23
Limited time deal
₹1,499
M.R.P:
₹6,580 (77% off)
Buy 2 items, get 3% off
FREE delivery Mon, 30 Jun
Add to cart]]>
    </line>
    <line>
      <![CDATA[==========================================]]>
    </line>
    <line>
      <![CDATA[Vintage Clock Handcrafted Iron Brass Finish Double Side Roman Numbers Clock (8 Inches)
689
Limited time deal
₹1,595
M.R.P:
₹7,596 (79% off)
Save ₹25 with coupon
FREE delivery Mon, 30 Jun
Add to cart]]>
    </line>
    <line>
      <![CDATA[==========================================]]>
    </line>
    <line>
      <![CDATA[Vintage Clock Handcrafted Double Side Wall Clock 1 Year Warranty / 65560-8-FHR
18
Limited time deal
₹1,595
M.R.P:
₹6,580 (76% off)
Save ₹25 with coupon
FREE delivery Mon, 30 Jun
Add to cart]]>
    </line>
    <line>
      <![CDATA[==========================================]]>
    </line>
    <line>
      <![CDATA[Vintage Clock Handcrafted Double Side Wall Clock 1 Year Warranty / 65560-8-HH
4
Limited time deal
₹1,595
M.R.P:
₹7,180 (78% off)
Save ₹25 with coupon
FREE delivery Thu, 26 Jun
Or fastest delivery Wed, 25 Jun
Add to cart]]>
    </line>
    <line>
      <![CDATA[==========================================]]>
    </line>
    <line>
      <![CDATA[Selected Product is : ]]>
    </line>
    <line>
      <![CDATA[Vintage Clock Brass Handcrafted Wooden Wall Clock/One Year Warranty / 1711-10-FR
₹1,295
M.R.P:
₹5,180 (75% off)
Buy 2 items, get 3% off
FREE delivery Mon, 30 Jun
Add to cart]]>
    </line>
    <line>
      <![CDATA[========================================]]>
    </line>
    <line>
      <![CDATA[Test Success SearchProduct]]>
    </line>
    <line>
      <![CDATA[User Quit Browser]]>
    </line>
  </reporter-output>
  <suite started-at="2025-06-23T19:44:58 IST" name="TC07Suite" finished-at="2025-06-23T19:45:34 IST" duration-ms="35793">
    <groups>
    </groups>
    <test started-at="2025-06-23T19:44:58 IST" name="TC07Test" finished-at="2025-06-23T19:45:34 IST" duration-ms="35793">
      <class name="amazonpackage.AmazonProjectMaven.TC07_VerifyProductDetailsPage">
        <test-method is-config="true" signature="LaunchBrowser(java.lang.String)[pri:0, instance:amazonpackage.AmazonProjectMaven.TC07_VerifyProductDetailsPage@7ceb3185]" started-at="2025-06-23T19:44:59 IST" name="LaunchBrowser" finished-at="2025-06-23T19:45:07 IST" duration-ms="7524" status="PASS">
          <params>
            <param index="0">
              <value>
                <![CDATA[chrome]]>
              </value>
            </param>
          </params>
          <reporter-output>
            <line>
              <![CDATA[Chrome Launched Successfully]]>
            </line>
            <line>
              <![CDATA[User Launched https://www.amazon.in/ Application]]>
            </line>
            <line>
              <![CDATA[User in Online Shopping site in India: Shop Online for Mobiles, Books, Watches, Shoes and More - Amazon.in : page]]>
            </line>
          </reporter-output>
        </test-method> <!-- LaunchBrowser -->
        <test-method signature="SearchProduct(java.lang.String)[pri:0, instance:amazonpackage.AmazonProjectMaven.TC07_VerifyProductDetailsPage@7ceb3185]" started-at="2025-06-23T19:45:07 IST" name="SearchProduct" data-provider="dataset" finished-at="2025-06-23T19:45:33 IST" duration-ms="26273" status="PASS">
          <params>
            <param index="0">
              <value>
                <![CDATA[Clocks]]>
              </value>
            </param>
          </params>
          <reporter-output>
            <line>
              <![CDATA[Test Started SearchProduct]]>
            </line>
            <line>
              <![CDATA[User Entered Product in Search: Clocks]]>
            </line>
            <line>
              <![CDATA[User Clicked Search Icon]]>
            </line>
            <line>
              <![CDATA[Amazon.in : Clocks]]>
            </line>
            <line>
              <![CDATA[Total Number of Product is : 24]]>
            </line>
            <line>
              <![CDATA[Vintage Clock Analog Handcrafted Wood And Brass Wall Clock (8 Inches 20 Cm's) Pure Brass With Antique Finish
322
Limited time deal
₹699
M.R.P:
₹3,196 (78% off)
Save ₹25 with coupon
FREE delivery Sun, 6 Jul
Add to cart]]>
            </line>
            <line>
              <![CDATA[==========================================]]>
            </line>
            <line>
              <![CDATA[Vintage Clock Painted Handcrafted Wooden Wall Clock/One Year Warranty / 5583-10-H
₹1,149
M.R.P:
₹4,596 (75% off)
Save ₹25 with coupon
FREE delivery Thu, 26 Jun
Or fastest delivery Tomorrow, 24 Jun
Add to cart]]>
            </line>
            <line>
              <![CDATA[==========================================]]>
            </line>
            <line>
              <![CDATA[Vintage Clock Handcrafted Peacock Wooden Non-Ticking Analog Clock With Hand-Painted Art Work(Multicolour,Small 10X10 Inches/25 X 25 Cm,Dial Size : 5 Inches/13 Cm)
555
Limited time deal
₹1,295
M.R.P:
₹4,596 (72% off)
Buy 2 items, get 3% off
FREE delivery Thu, 26 Jun
Or fastest delivery Wed, 25 Jun
Add to cart]]>
            </line>
            <line>
              <![CDATA[==========================================]]>
            </line>
            <line>
              <![CDATA[Vintage Clock Brass Handcrafted Wooden Wall Clock/One Year Warranty / 1711-10-FH
₹1,295
M.R.P:
₹5,180 (75% off)
Buy 2 items, get 3% off
FREE delivery Mon, 30 Jun
Add to cart]]>
            </line>
            <line>
              <![CDATA[==========================================]]>
            </line>
            <line>
              <![CDATA[Vintage Clock Brass Handcrafted Wooden Wall Clock/One Year Warranty / 1711-10-FR
₹1,295
M.R.P:
₹5,180 (75% off)
Buy 2 items, get 3% off
FREE delivery Mon, 30 Jun
Add to cart]]>
            </line>
            <line>
              <![CDATA[==========================================]]>
            </line>
            <line>
              <![CDATA[Vintage Clock Double Side (Railway Style)Analog Clock With Brass Finish & 1 Year Warranty (6 Inches 15X15 Cm's Size)
2,195
100+ bought in past month
Limited time deal
₹1,388
M.R.P:
₹5,996 (77% off)
Save ₹25 with coupon
FREE delivery Thu, 26 Jun
Or fastest delivery Tomorrow, 24 Jun
Add to cart]]>
            </line>
            <line>
              <![CDATA[==========================================]]>
            </line>
            <line>
              <![CDATA[Vintage Clock Handcrafted Double Side Clock/Railway (Station) Analog Clock/Floral Design / 6 Inches Size/Brass Finish/Double Side Roman Number
4,955
Limited time deal
₹1,395
M.R.P:
₹5,596 (75% off)
Save ₹25 with coupon
FREE delivery Mon, 30 Jun
Add to cart]]>
            </line>
            <line>
              <![CDATA[==========================================]]>
            </line>
            <line>
              <![CDATA[Vintage Clock Handcrafted Double Side Wall Clock 1 Year Warranty / 65091-6-HH
94
Limited time deal
₹1,395
M.R.P:
₹5,780 (76% off)
Save ₹25 with coupon
FREE delivery Thu, 26 Jun
Or fastest delivery Tomorrow, 24 Jun
Add to cart]]>
            </line>
            <line>
              <![CDATA[==========================================]]>
            </line>
            <line>
              <![CDATA[Vintage Clock Radiant Painted Clock
79
₹1,395
M.R.P:
₹7,196 (81% off)
Buy 2 items, get 3% off
FREE delivery Mon, 30 Jun
Only 1 left in stock.
Add to cart]]>
            </line>
            <line>
              <![CDATA[==========================================]]>
            </line>
            <line>
              <![CDATA[Vintage Clock Handcrafted Double Side Clock with English & Roman Numbers 1 Year Warranty (6 Inches Size, Brass Finish, Floral Design)
12
Limited time deal
₹1,395
M.R.P:
₹6,796 (79% off)
Buy 2 items, get 3% off
FREE delivery Mon, 30 Jun
Add to cart]]>
            </line>
            <line>
              <![CDATA[==========================================]]>
            </line>
            <line>
              <![CDATA[Vintage Clock Handcrafted Double Side Clock with English Numbers 1 Year Warranty (6 Inches Size, Brass Finish, Floral Design)
1
Limited time deal
₹1,395
M.R.P:
₹6,996 (80% off)
Buy 2 items, get 3% off
FREE delivery Mon, 30 Jun
Add to cart]]>
            </line>
            <line>
              <![CDATA[==========================================]]>
            </line>
            <line>
              <![CDATA[Vintage Clock Handcrafted Double Side Clock with Roman Numbers 1 Year Warranty (6 Inches Size, Brass Finish, Floral Design)
1
Limited time deal
₹1,395
M.R.P:
₹6,796 (79% off)
Buy 2 items, get 3% off
FREE delivery Mon, 30 Jun
Add to cart]]>
            </line>
            <line>
              <![CDATA[==========================================]]>
            </line>
            <line>
              <![CDATA[Vintage Clock Hand-Painted Wooden Wall Clock / 12 Inch (30 CM's) / VC-5639-12-H-Analog
2,031
50+ bought in past month
Limited time deal
₹1,449
M.R.P:
₹5,996 (76% off)
Save ₹25 with coupon
FREE delivery Thu, 26 Jun
Or fastest delivery Tomorrow, 24 Jun
Service: Installation
Add to cart]]>
            </line>
            <line>
              <![CDATA[==========================================]]>
            </line>
            <line>
              <![CDATA[Vintage Clock Abstract Solid Pine Wood Mdf Wall Analog Clock (12 X 12 Inches, Dial: 8 Inches, Black)
167
Limited time deal
₹1,449
M.R.P:
₹4,796 (70% off)
Save ₹25 with coupon
FREE delivery Mon, 30 Jun
Add to cart]]>
            </line>
            <line>
              <![CDATA[==========================================]]>
            </line>
            <line>
              <![CDATA[Vintage Clock Metal Double Side Hand-Crafted Black Wall Clock / 8 Inch (20 CM's) / VC-6570-Analog
1,841
100+ bought in past month
Limited time deal
₹1,488
M.R.P:
₹6,796 (78% off)
Save ₹25 with coupon
FREE delivery Sat, 28 Jun
Service: Installation
Add to cart]]>
            </line>
            <line>
              <![CDATA[==========================================]]>
            </line>
            <line>
              <![CDATA[Vintage Clock Brass Inlay Wooden Shiny Red Handcrafted Wall Clock/One Year Warranty / 9142-12-FH
10
Limited time deal
₹1,495
M.R.P:
₹6,796 (78% off)
Buy 2 items, get 3% off
FREE delivery Mon, 30 Jun
Add to cart]]>
            </line>
            <line>
              <![CDATA[==========================================]]>
            </line>
            <line>
              <![CDATA[Vintage Clock Handcrafted Double Side Clock with Roman Numbers 1 Year Warranty (8 Inches Size, Brass Finish, Floral Design)
7
Limited time deal
₹1,495
M.R.P:
₹6,396 (77% off)
Save ₹25 with coupon
FREE delivery Mon, 30 Jun
Add to cart]]>
            </line>
            <line>
              <![CDATA[==========================================]]>
            </line>
            <line>
              <![CDATA[Vintage Clock Handcrafted Double Side Clock with English & Roman Numbers 1 Year Warranty (8 Inches Size, Brass Finish, Floral Design)
62
Limited time deal
₹1,495
M.R.P:
₹6,796 (78% off)
Save ₹25 with coupon
FREE delivery Mon, 30 Jun
Add to cart]]>
            </line>
            <line>
              <![CDATA[==========================================]]>
            </line>
            <line>
              <![CDATA[Vintage Clock Handcrafted Double Side Clock with English Numbers 1 Year Warranty (8 Inches Size, Brass Finish, Floral Design)
11
Limited time deal
₹1,495
M.R.P:
₹7,196 (79% off)
Buy 2 items, get 3% off
FREE delivery Mon, 30 Jun
Add to cart]]>
            </line>
            <line>
              <![CDATA[==========================================]]>
            </line>
            <line>
              <![CDATA[Vintage Clock Brass Handcrafted Wooden Wall Clock/One Year Warranty / 1711-12-FH
₹1,495
M.R.P:
₹5,980 (75% off)
Buy 2 items, get 3% off
FREE delivery Mon, 30 Jun
Only 1 left in stock.
Add to cart]]>
            </line>
            <line>
              <![CDATA[==========================================]]>
            </line>
            <line>
              <![CDATA[Vintage Clock Iron Handcrafted Double Side Wall Clock 1 Year Warranty / 65700-8-Hr, Analog, Multicolor
23
Limited time deal
₹1,499
M.R.P:
₹6,580 (77% off)
Buy 2 items, get 3% off
FREE delivery Mon, 30 Jun
Add to cart]]>
            </line>
            <line>
              <![CDATA[==========================================]]>
            </line>
            <line>
              <![CDATA[Vintage Clock Handcrafted Iron Brass Finish Double Side Roman Numbers Clock (8 Inches)
689
Limited time deal
₹1,595
M.R.P:
₹7,596 (79% off)
Save ₹25 with coupon
FREE delivery Mon, 30 Jun
Add to cart]]>
            </line>
            <line>
              <![CDATA[==========================================]]>
            </line>
            <line>
              <![CDATA[Vintage Clock Handcrafted Double Side Wall Clock 1 Year Warranty / 65560-8-FHR
18
Limited time deal
₹1,595
M.R.P:
₹6,580 (76% off)
Save ₹25 with coupon
FREE delivery Mon, 30 Jun
Add to cart]]>
            </line>
            <line>
              <![CDATA[==========================================]]>
            </line>
            <line>
              <![CDATA[Vintage Clock Handcrafted Double Side Wall Clock 1 Year Warranty / 65560-8-HH
4
Limited time deal
₹1,595
M.R.P:
₹7,180 (78% off)
Save ₹25 with coupon
FREE delivery Thu, 26 Jun
Or fastest delivery Wed, 25 Jun
Add to cart]]>
            </line>
            <line>
              <![CDATA[==========================================]]>
            </line>
            <line>
              <![CDATA[Selected Product is : ]]>
            </line>
            <line>
              <![CDATA[Vintage Clock Brass Handcrafted Wooden Wall Clock/One Year Warranty / 1711-10-FR
₹1,295
M.R.P:
₹5,180 (75% off)
Buy 2 items, get 3% off
FREE delivery Mon, 30 Jun
Add to cart]]>
            </line>
            <line>
              <![CDATA[========================================]]>
            </line>
            <line>
              <![CDATA[Test Success SearchProduct]]>
            </line>
          </reporter-output>
        </test-method> <!-- SearchProduct -->
        <test-method is-config="true" signature="QuitBrowser()[pri:0, instance:amazonpackage.AmazonProjectMaven.TC07_VerifyProductDetailsPage@7ceb3185]" started-at="2025-06-23T19:45:34 IST" name="QuitBrowser" finished-at="2025-06-23T19:45:34 IST" duration-ms="1" status="PASS">
          <reporter-output>
            <line>
              <![CDATA[User Quit Browser]]>
            </line>
          </reporter-output>
        </test-method> <!-- QuitBrowser -->
      </class> <!-- amazonpackage.AmazonProjectMaven.TC07_VerifyProductDetailsPage -->
    </test> <!-- TC07Test -->
  </suite> <!-- TC07Suite -->
</testng-results>
