<?xml version="1.0" encoding="UTF-8"?>
<testng-results ignored="0" total="1" passed="1" failed="0" skipped="0">
  <reporter-output>
  </reporter-output>
  <suite started-at="2025-05-30T09:27:12 IST" name="Default suite" finished-at="2025-05-30T09:27:21 IST" duration-ms="9333">
    <groups>
    </groups>
    <test started-at="2025-05-30T09:27:12 IST" name="Default test" finished-at="2025-05-30T09:27:21 IST" duration-ms="9333">
      <class name="amazonpackage.AmazonProjectMaven.FacebookTest">
        <test-method signature="loginToFacebook()[pri:0, instance:amazonpackage.AmazonProjectMaven.FacebookTest@7e07db1f]" started-at="2025-05-30T09:27:12 IST" name="loginToFacebook" finished-at="2025-05-30T09:27:21 IST" duration-ms="9249" status="PASS">
          <reporter-output>
          </reporter-output>
        </test-method> <!-- loginToFacebook -->
      </class> <!-- amazonpackage.AmazonProjectMaven.FacebookTest -->
    </test> <!-- Default test -->
  </suite> <!-- Default suite -->
</testng-results>
