<?xml version="1.0" encoding="UTF-8"?>
<!-- Generated by org.testng.reporters.JUnitXMLReporter -->
<testsuite ignored="0" hostname="DESKTOP-9AFDMTT" failures="1" tests="5" name="Default test(failed)" time="22.006" errors="0" timestamp="2025-06-01T19:25:50 IST">
  <testcase classname="Facebook.FacebookDDTWithDataProvider" name="loginToFacebook" time="4.883"/>
  <testcase classname="Facebook.FacebookDDTWithDataProvider" name="loginToFacebook" time="3.508"/>
  <testcase classname="Facebook.FacebookDDTWithDataProvider" name="loginToFacebook" time="3.945"/>
  <testcase classname="Facebook.FacebookDDTWithDataProvider" name="loginToFacebook" time="4.339"/>
  <testcase classname="Facebook.FacebookDDTWithDataProvider" name="loginToFacebook" time="3.475">
    <failure type="java.lang.IllegalArgumentException" message="Keys to send should be a not null CharSequence">
      <![CDATA[java.lang.IllegalArgumentException: Keys to send should be a not null CharSequence
at org.openqa.selenium.remote.RemoteWebElement.sendKeys(RemoteWebElement.java:96)
at Facebook.FacebookDDTWithDataProvider.loginToFacebook(FacebookDDTWithDataProvider.java:71)
at java.base/java.util.ArrayList.forEach(ArrayList.java:1597)
... Removed 25 stack frames]]>
    </failure>
  </testcase> <!-- loginToFacebook -->
</testsuite> <!-- Default test(failed) -->
