<?xml version="1.0" encoding="UTF-8"?>
<!-- Generated by org.testng.reporters.JUnitXMLReporter -->
<testsuite ignored="0" hostname="DESKTOP-9AFDMTT" failures="0" tests="1" name="AmazonTestedge" time="0.08" errors="0" timestamp="2025-05-24T11:12:45 IST">
  <testcase classname="Utilities.BaseClass" name="@BeforeSuite InitilizeBrowser" time="0.26">
    <failure type="java.lang.NoClassDefFoundError" message="org/slf4j/LoggerFactory">
      <![CDATA[java.lang.NoClassDefFoundError: org/slf4j/LoggerFactory
at org.apache.logging.slf4j.SLF4JLoggerContext.createLogger(SLF4JLoggerContext.java:57)
at org.apache.logging.slf4j.SLF4JLoggerContext.getLogger(SLF4JLoggerContext.java:51)
at org.apache.logging.slf4j.SLF4JLoggerContext.getLogger(SLF4JLoggerContext.java:40)
at org.apache.logging.log4j.jpl.Log4jSystemLoggerAdapter.newLogger(Log4jSystemLoggerAdapter.java:35)
at org.apache.logging.log4j.jpl.Log4jSystemLoggerAdapter.newLogger(Log4jSystemLoggerAdapter.java:31)
at org.apache.logging.log4j.spi.AbstractLoggerAdapter.getLogger(AbstractLoggerAdapter.java:52)
at org.apache.logging.log4j.jpl.Log4jSystemLoggerFinder.getLogger(Log4jSystemLoggerFinder.java:33)
at java.base/jdk.internal.logger.LazyLoggers.getLoggerFromFinder(LazyLoggers.java:410)
at java.base/jdk.internal.logger.LazyLoggers$1.apply(LazyLoggers.java:369)
at java.base/jdk.internal.logger.LazyLoggers$1.apply(LazyLoggers.java:366)
at java.base/jdk.internal.logger.LazyLoggers$LazyLoggerAccessor.createLogger(LazyLoggers.java:292)
at java.base/jdk.internal.logger.BootstrapLogger.getLogger(BootstrapLogger.java:980)
at java.base/jdk.internal.logger.LazyLoggers$LazyLoggerAccessor.wrapped(LazyLoggers.java:179)
at java.base/jdk.internal.logger.LazyLoggers$LazyLoggerWrapper.wrapped(LazyLoggers.java:332)
at java.base/jdk.internal.logger.AbstractLoggerWrapper.isLoggable(AbstractLoggerWrapper.java:68)
at java.base/java.lang.ProcessBuilder.start(ProcessBuilder.java:1143)
at java.base/java.lang.ProcessBuilder.start(ProcessBuilder.java:1089)
at org.openqa.selenium.os.ExternalProcess$Builder.start(ExternalProcess.java:193)
at org.openqa.selenium.manager.SeleniumManager.runCommand(SeleniumManager.java:142)
at org.openqa.selenium.manager.SeleniumManager.getBinaryPaths(SeleniumManager.java:254)
at org.openqa.selenium.remote.service.DriverFinder.getBinaryPaths(DriverFinder.java:102)
at org.openqa.selenium.remote.service.DriverFinder.getDriverPath(DriverFinder.java:55)
at org.openqa.selenium.chrome.ChromeDriver.generateExecutor(ChromeDriver.java:99)
at org.openqa.selenium.chrome.ChromeDriver.<init>(ChromeDriver.java:88)
at org.openqa.selenium.chrome.ChromeDriver.<init>(ChromeDriver.java:83)
at org.openqa.selenium.chrome.ChromeDriver.<init>(ChromeDriver.java:51)
at Utilities.BaseClass.InitilizeBrowser(BaseClass.java:22)
Caused by: java.lang.ClassNotFoundException: org.slf4j.LoggerFactory
at java.base/jdk.internal.loader.BuiltinClassLoader.loadClass(BuiltinClassLoader.java:641)
at java.base/jdk.internal.loader.ClassLoaders$AppClassLoader.loadClass(ClassLoaders.java:188)
at java.base/java.lang.ClassLoader.loadClass(ClassLoader.java:528)
... 44 more
... Removed 17 stack frames]]>
    </failure>
  </testcase> <!-- @BeforeSuite InitilizeBrowser -->
  <testcase classname="AmazonPractice.LaunchAmazon" name="launchApplication" time="0.0">
    <skipped/>
  </testcase> <!-- launchApplication -->
</testsuite> <!-- AmazonTestedge -->
