<?xml version="1.0" encoding="UTF-8"?>
<!-- Generated by org.testng.reporters.JUnitXMLReporter -->
<testsuite ignored="2" hostname="DESKTOP-9AFDMTT" failures="1" tests="2" name="AmazonTest" time="5.465" errors="0" timestamp="2025-05-23T09:05:34 IST">
  <testcase classname="AmazonPractice.LaunchAmazon" name="launchApplication" time="3.49"/>
  <testcase classname="AmazonPractice.LoginToAmazon" name="login_ToAmazon" time="1.911">
    <failure type="java.lang.NoClassDefFoundError" message="org/apache/logging/log4j/LogManager">
      <![CDATA[java.lang.NoClassDefFoundError: org/apache/logging/log4j/LogManager
at org.apache.poi.util.IOUtils.<clinit>(IOUtils.java:43)
at org.apache.poi.poifs.filesystem.FileMagic.valueOf(FileMagic.java:209)
at org.apache.poi.ss.usermodel.WorkbookFactory.create(WorkbookFactory.java:222)
at org.apache.poi.ss.usermodel.WorkbookFactory.create(WorkbookFactory.java:185)
at AmazonPractice.LoginToAmazon.login_ToAmazon(LoginToAmazon.java:32)
at java.base/java.util.ArrayList.forEach(ArrayList.java:1597)
Caused by: java.lang.ClassNotFoundException: org.apache.logging.log4j.LogManager
at java.base/jdk.internal.loader.BuiltinClassLoader.loadClass(BuiltinClassLoader.java:641)
at java.base/jdk.internal.loader.ClassLoaders$AppClassLoader.loadClass(ClassLoaders.java:188)
at java.base/java.lang.ClassLoader.loadClass(ClassLoader.java:528)
... 31 more
... Removed 25 stack frames]]>
    </failure>
  </testcase> <!-- login_ToAmazon -->
  <testcase classname="Utilities.BaseClass" name="@BeforeSuite InitilizeBrowser" time="0.0">
    <ignored/>
  </testcase> <!-- @BeforeSuite InitilizeBrowser -->
  <testcase classname="Utilities.BaseClass" name="@AfterSuite tearDown" time="0.0">
    <ignored/>
  </testcase> <!-- @AfterSuite tearDown -->
</testsuite> <!-- AmazonTest -->
