<?xml version="1.0" encoding="UTF-8"?>
<!-- Generated by org.testng.reporters.JUnitXMLReporter -->
<testsuite ignored="0" hostname="DESKTOP-9AFDMTT" failures="0" tests="1" name="Parallel Edge Test" time="0.673" errors="0" timestamp="2025-05-24T11:13:45 IST">
  <testcase classname="BasicTestNG.BaseClass" name="@BeforeMethod InitializeBrowser" time="0.322">
    <failure type="java.lang.NoClassDefFoundError" message="org/slf4j/LoggerFactory">
      <![CDATA[java.lang.NoClassDefFoundError: org/slf4j/LoggerFactory
at org.apache.logging.slf4j.SLF4JLoggerContext.createLogger(SLF4JLoggerContext.java:57)
at org.apache.logging.slf4j.SLF4JLoggerContext.getLogger(SLF4JLoggerContext.java:51)
at org.apache.logging.slf4j.SLF4JLoggerContext.getLogger(SLF4JLoggerContext.java:40)
at org.apache.logging.log4j.jpl.Log4jSystemLoggerAdapter.newLogger(Log4jSystemLoggerAdapter.java:35)
at org.apache.logging.log4j.jpl.Log4jSystemLoggerAdapter.newLogger(Log4jSystemLoggerAdapter.java:31)
at org.apache.logging.log4j.spi.AbstractLoggerAdapter.getLogger(AbstractLoggerAdapter.java:52)
at org.apache.logging.log4j.jpl.Log4jSystemLoggerFinder.getLogger(Log4jSystemLoggerFinder.java:33)
at java.base/jdk.internal.logger.LazyLoggers.getLoggerFromFinder(LazyLoggers.java:410)
at java.base/jdk.internal.logger.LazyLoggers$1.apply(LazyLoggers.java:369)
at java.base/jdk.internal.logger.LazyLoggers$1.apply(LazyLoggers.java:366)
at java.base/jdk.internal.logger.LazyLoggers$LazyLoggerAccessor.createLogger(LazyLoggers.java:292)
at java.base/jdk.internal.logger.BootstrapLogger.getLogger(BootstrapLogger.java:980)
at java.base/jdk.internal.logger.LazyLoggers$LazyLoggerAccessor.wrapped(LazyLoggers.java:179)
at java.base/jdk.internal.logger.LazyLoggers$LazyLoggerWrapper.wrapped(LazyLoggers.java:332)
at java.base/jdk.internal.logger.AbstractLoggerWrapper.isLoggable(AbstractLoggerWrapper.java:68)
at java.base/java.lang.ProcessBuilder.start(ProcessBuilder.java:1143)
at java.base/java.lang.ProcessBuilder.start(ProcessBuilder.java:1089)
at org.openqa.selenium.os.ExternalProcess$Builder.start(ExternalProcess.java:193)
at org.openqa.selenium.manager.SeleniumManager.runCommand(SeleniumManager.java:142)
at org.openqa.selenium.manager.SeleniumManager.getBinaryPaths(SeleniumManager.java:254)
at org.openqa.selenium.remote.service.DriverFinder.getBinaryPaths(DriverFinder.java:102)
at org.openqa.selenium.remote.service.DriverFinder.getDriverPath(DriverFinder.java:55)
at org.openqa.selenium.firefox.FirefoxDriver.generateExecutor(FirefoxDriver.java:128)
at org.openqa.selenium.firefox.FirefoxDriver.<init>(FirefoxDriver.java:119)
at org.openqa.selenium.firefox.FirefoxDriver.<init>(FirefoxDriver.java:114)
at org.openqa.selenium.firefox.FirefoxDriver.<init>(FirefoxDriver.java:99)
at org.openqa.selenium.firefox.FirefoxDriver.<init>(FirefoxDriver.java:89)
at BasicTestNG.BaseClass.InitializeBrowser(BaseClass.java:29)
at java.base/java.util.ArrayList.forEach(ArrayList.java:1597)
at java.base/java.util.concurrent.FutureTask.run(FutureTask.java:317)
at java.base/java.util.concurrent.ThreadPoolExecutor.runWorker(ThreadPoolExecutor.java:1144)
at java.base/java.util.concurrent.ThreadPoolExecutor$Worker.run(ThreadPoolExecutor.java:642)
at java.base/java.lang.Thread.run(Thread.java:1575)
Caused by: java.lang.ClassNotFoundException: org.slf4j.LoggerFactory
... 53 more
... Removed 20 stack frames]]>
    </failure>
  </testcase> <!-- @BeforeMethod InitializeBrowser -->
  <testcase classname="BasicTestNG.BaseClass" name="@BeforeMethod InitializeBrowser" time="0.322">
    <failure type="java.lang.NoClassDefFoundError" message="org/slf4j/LoggerFactory">
      <![CDATA[java.lang.NoClassDefFoundError: org/slf4j/LoggerFactory
at org.apache.logging.slf4j.SLF4JLoggerContext.createLogger(SLF4JLoggerContext.java:57)
at org.apache.logging.slf4j.SLF4JLoggerContext.getLogger(SLF4JLoggerContext.java:51)
at org.apache.logging.slf4j.SLF4JLoggerContext.getLogger(SLF4JLoggerContext.java:40)
at org.apache.logging.log4j.jpl.Log4jSystemLoggerAdapter.newLogger(Log4jSystemLoggerAdapter.java:35)
at org.apache.logging.log4j.jpl.Log4jSystemLoggerAdapter.newLogger(Log4jSystemLoggerAdapter.java:31)
at org.apache.logging.log4j.spi.AbstractLoggerAdapter.getLogger(AbstractLoggerAdapter.java:52)
at org.apache.logging.log4j.jpl.Log4jSystemLoggerFinder.getLogger(Log4jSystemLoggerFinder.java:33)
at java.base/jdk.internal.logger.LazyLoggers.getLoggerFromFinder(LazyLoggers.java:410)
at java.base/jdk.internal.logger.LazyLoggers$1.apply(LazyLoggers.java:369)
at java.base/jdk.internal.logger.LazyLoggers$1.apply(LazyLoggers.java:366)
at java.base/jdk.internal.logger.LazyLoggers$LazyLoggerAccessor.createLogger(LazyLoggers.java:292)
at java.base/jdk.internal.logger.BootstrapLogger.getLogger(BootstrapLogger.java:980)
at java.base/jdk.internal.logger.LazyLoggers$LazyLoggerAccessor.wrapped(LazyLoggers.java:179)
at java.base/jdk.internal.logger.LazyLoggers$LazyLoggerWrapper.wrapped(LazyLoggers.java:332)
at java.base/jdk.internal.logger.AbstractLoggerWrapper.isLoggable(AbstractLoggerWrapper.java:68)
at java.base/java.lang.ProcessBuilder.start(ProcessBuilder.java:1143)
at java.base/java.lang.ProcessBuilder.start(ProcessBuilder.java:1089)
at org.openqa.selenium.os.ExternalProcess$Builder.start(ExternalProcess.java:193)
at org.openqa.selenium.manager.SeleniumManager.runCommand(SeleniumManager.java:142)
at org.openqa.selenium.manager.SeleniumManager.getBinaryPaths(SeleniumManager.java:254)
at org.openqa.selenium.remote.service.DriverFinder.getBinaryPaths(DriverFinder.java:102)
at org.openqa.selenium.remote.service.DriverFinder.getDriverPath(DriverFinder.java:55)
at org.openqa.selenium.edge.EdgeDriver.generateExecutor(EdgeDriver.java:71)
at org.openqa.selenium.edge.EdgeDriver.<init>(EdgeDriver.java:60)
at org.openqa.selenium.edge.EdgeDriver.<init>(EdgeDriver.java:56)
at org.openqa.selenium.edge.EdgeDriver.<init>(EdgeDriver.java:48)
at org.openqa.selenium.edge.EdgeDriver.<init>(EdgeDriver.java:44)
at BasicTestNG.BaseClass.InitializeBrowser(BaseClass.java:25)
at java.base/java.util.ArrayList.forEach(ArrayList.java:1597)
at java.base/java.util.concurrent.FutureTask.run(FutureTask.java:317)
at java.base/java.util.concurrent.ThreadPoolExecutor.runWorker(ThreadPoolExecutor.java:1144)
at java.base/java.util.concurrent.ThreadPoolExecutor$Worker.run(ThreadPoolExecutor.java:642)
at java.base/java.lang.Thread.run(Thread.java:1575)
Caused by: java.lang.ClassNotFoundException: org.slf4j.LoggerFactory
... 53 more
... Removed 20 stack frames]]>
    </failure>
  </testcase> <!-- @BeforeMethod InitializeBrowser -->
  <testcase classname="BasicTestNG.BaseClass" name="@AfterMethod tearDown" time="-1.748065424974E9">
    <skipped/>
  </testcase> <!-- @AfterMethod tearDown -->
  <testcase classname="BasicTestNG.BaseClass" name="@AfterMethod tearDown" time="-1.748065425173E9">
    <skipped/>
  </testcase> <!-- @AfterMethod tearDown -->
  <testcase classname="BasicTestNG.ParallelPractice2" name="LaunchApplication" time="0.0">
    <skipped/>
  </testcase> <!-- LaunchApplication -->
</testsuite> <!-- Parallel Edge Test -->
