<?xml version="1.0" encoding="UTF-8"?>
<!-- Generated by org.testng.reporters.JUnitXMLReporter -->
<testsuite ignored="0" hostname="DESKTOP-9AFDMTT" failures="0" tests="3" name="AmazonTest" time="267.205" errors="0" timestamp="2025-06-17T16:45:17 IST">
  <testcase classname="amazonpackage.AmazonProjectMaven.TC03_VerifyLoginWithInValidUserID" name="VerifyLoginWithInvalidUser" time="132.353"/>
  <testcase classname="amazonpackage.AmazonProjectMaven.TC03_VerifyLoginWithInValidUserID" name="VerifyLoginWithInvalidUser" time="18.875"/>
  <testcase classname="amazonpackage.AmazonProjectMaven.TC03_VerifyLoginWithInValidUserID" name="VerifyLoginWithInvalidUser" time="62.129"/>
</testsuite> <!-- AmazonTest -->
