<?xml version="1.0" encoding="UTF-8"?>
<!-- Generated by org.testng.reporters.JUnitXMLReporter -->
<testsuite ignored="0" hostname="DESKTOP-9AFDMTT" failures="0" tests="3" name="AmazonTC03" time="99.222" errors="0" timestamp="2025-06-19T22:06:51 IST">
  <testcase classname="amazonpackage.AmazonProjectMaven.TC03_VerifyLoginWithInValidUserID" name="VerifyLoginWithInvalidUser" time="6.734"/>
  <testcase classname="amazonpackage.AmazonProjectMaven.TC03_VerifyLoginWithInValidUserID" name="VerifyLoginWithInvalidUser" time="13.017"/>
  <testcase classname="amazonpackage.AmazonProjectMaven.TC03_VerifyLoginWithInValidUserID" name="VerifyLoginWithInvalidUser" time="45.326"/>
</testsuite> <!-- AmazonTC03 -->
