<?xml version="1.0" encoding="UTF-8"?>
<!-- Generated by org.testng.reporters.JUnitXMLReporter -->
<testsuite ignored="0" hostname="DESKTOP-9AFDMTT" failures="4" tests="12" name="AmazonTC05" time="605.897" errors="0" timestamp="2025-06-19T14:32:38 IST">
  <testcase classname="amazonpackage.AmazonProjectMaven.TC05_SearchProduct" name="SearchProduct" time="39.867">
    <skipped/>
  </testcase> <!-- SearchProduct -->
  <testcase classname="amazonpackage.AmazonProjectMaven.TC05_SearchProduct" name="SearchProduct" time="6.09">
    <skipped/>
  </testcase> <!-- SearchProduct -->
  <testcase classname="amazonpackage.AmazonProjectMaven.TC05_SearchProduct" name="SearchProduct" time="14.105">
    <failure type="java.lang.ClassCastException" message="class java.lang.Integer cannot be cast to class java.lang.String (java.lang.Integer and java.lang.String are in module java.base of loader &amp;apos;bootstrap&amp;apos;)">
      <![CDATA[java.lang.ClassCastException: class java.lang.Integer cannot be cast to class java.lang.String (java.lang.Integer and java.lang.String are in module java.base of loader 'bootstrap')
at amazonpackage.AmazonProjectMaven.TC05_SearchProduct.SearchProduct(TC05_SearchProduct.java:87)
at java.base/java.util.ArrayList.forEach(ArrayList.java:1597)
at java.base/java.util.concurrent.FutureTask.run(FutureTask.java:317)
at java.base/java.util.concurrent.ThreadPoolExecutor.runWorker(ThreadPoolExecutor.java:1144)
at java.base/java.util.concurrent.ThreadPoolExecutor$Worker.run(ThreadPoolExecutor.java:642)
at java.base/java.lang.Thread.run(Thread.java:1575)
... Removed 16 stack frames]]>
    </failure>
  </testcase> <!-- SearchProduct -->
  <testcase classname="amazonpackage.AmazonProjectMaven.TC05_SearchProduct" name="SearchProduct" time="7.407">
    <skipped/>
  </testcase> <!-- SearchProduct -->
  <testcase classname="amazonpackage.AmazonProjectMaven.TC05_SearchProduct" name="SearchProduct" time="17.686">
    <skipped/>
  </testcase> <!-- SearchProduct -->
  <testcase classname="amazonpackage.AmazonProjectMaven.TC05_SearchProduct" name="SearchProduct" time="14.157">
    <failure type="java.lang.ClassCastException" message="class java.lang.Integer cannot be cast to class java.lang.String (java.lang.Integer and java.lang.String are in module java.base of loader &amp;apos;bootstrap&amp;apos;)">
      <![CDATA[java.lang.ClassCastException: class java.lang.Integer cannot be cast to class java.lang.String (java.lang.Integer and java.lang.String are in module java.base of loader 'bootstrap')
at amazonpackage.AmazonProjectMaven.TC05_SearchProduct.SearchProduct(TC05_SearchProduct.java:87)
at java.base/java.util.ArrayList.forEach(ArrayList.java:1597)
at java.base/java.util.concurrent.FutureTask.run(FutureTask.java:317)
at java.base/java.util.concurrent.ThreadPoolExecutor.runWorker(ThreadPoolExecutor.java:1144)
at java.base/java.util.concurrent.ThreadPoolExecutor$Worker.run(ThreadPoolExecutor.java:642)
at java.base/java.lang.Thread.run(Thread.java:1575)
... Removed 16 stack frames]]>
    </failure>
  </testcase> <!-- SearchProduct -->
  <testcase classname="amazonpackage.AmazonProjectMaven.TC05_SearchProduct" name="SearchProduct" time="30.296">
    <skipped/>
  </testcase> <!-- SearchProduct -->
  <testcase classname="amazonpackage.AmazonProjectMaven.TC05_SearchProduct" name="SearchProduct" time="9.486">
    <skipped/>
  </testcase> <!-- SearchProduct -->
  <testcase classname="amazonpackage.AmazonProjectMaven.TC05_SearchProduct" name="SearchProduct" time="7.29">
    <failure type="java.lang.ClassCastException" message="class java.lang.Integer cannot be cast to class java.lang.String (java.lang.Integer and java.lang.String are in module java.base of loader &amp;apos;bootstrap&amp;apos;)">
      <![CDATA[java.lang.ClassCastException: class java.lang.Integer cannot be cast to class java.lang.String (java.lang.Integer and java.lang.String are in module java.base of loader 'bootstrap')
at amazonpackage.AmazonProjectMaven.TC05_SearchProduct.SearchProduct(TC05_SearchProduct.java:87)
at java.base/java.util.ArrayList.forEach(ArrayList.java:1597)
at java.base/java.util.concurrent.FutureTask.run(FutureTask.java:317)
at java.base/java.util.concurrent.ThreadPoolExecutor.runWorker(ThreadPoolExecutor.java:1144)
at java.base/java.util.concurrent.ThreadPoolExecutor$Worker.run(ThreadPoolExecutor.java:642)
at java.base/java.lang.Thread.run(Thread.java:1575)
... Removed 16 stack frames]]>
    </failure>
  </testcase> <!-- SearchProduct -->
  <testcase classname="amazonpackage.AmazonProjectMaven.TC05_SearchProduct" name="SearchProduct" time="44.705">
    <skipped/>
  </testcase> <!-- SearchProduct -->
  <testcase classname="amazonpackage.AmazonProjectMaven.TC05_SearchProduct" name="SearchProduct" time="16.626">
    <skipped/>
  </testcase> <!-- SearchProduct -->
  <testcase classname="amazonpackage.AmazonProjectMaven.TC05_SearchProduct" name="SearchProduct" time="7.87">
    <failure type="java.lang.ClassCastException" message="class java.lang.Integer cannot be cast to class java.lang.String (java.lang.Integer and java.lang.String are in module java.base of loader &amp;apos;bootstrap&amp;apos;)">
      <![CDATA[java.lang.ClassCastException: class java.lang.Integer cannot be cast to class java.lang.String (java.lang.Integer and java.lang.String are in module java.base of loader 'bootstrap')
at amazonpackage.AmazonProjectMaven.TC05_SearchProduct.SearchProduct(TC05_SearchProduct.java:87)
at java.base/java.util.ArrayList.forEach(ArrayList.java:1597)
at java.base/java.util.concurrent.FutureTask.run(FutureTask.java:317)
at java.base/java.util.concurrent.ThreadPoolExecutor.runWorker(ThreadPoolExecutor.java:1144)
at java.base/java.util.concurrent.ThreadPoolExecutor$Worker.run(ThreadPoolExecutor.java:642)
at java.base/java.lang.Thread.run(Thread.java:1575)
... Removed 16 stack frames]]>
    </failure>
  </testcase> <!-- SearchProduct -->
</testsuite> <!-- AmazonTC05 -->
