<?xml version="1.0" encoding="UTF-8"?>
<testng-results ignored="0" total="5" passed="4" failed="1" skipped="0">
  <reporter-output>
  </reporter-output>
  <suite started-at="2025-06-01T19:25:28 IST" name="Failed suite [Default suite]" finished-at="2025-06-01T19:25:50 IST" duration-ms="22006">
    <groups>
    </groups>
    <test started-at="2025-06-01T19:25:28 IST" name="Default test(failed)" finished-at="2025-06-01T19:25:50 IST" duration-ms="22006">
      <class name="Facebook.FacebookDDTWithDataProvider">
        <test-method signature="loginToFacebook(java.lang.String,java.lang.String)[pri:0, instance:Facebook.FacebookDDTWithDataProvider@45752059]" started-at="2025-06-01T19:25:30 IST" name="loginToFacebook" data-provider="LoginData1" finished-at="2025-06-01T19:25:35 IST" duration-ms="4883" status="PASS">
          <params>
            <param index="0">
              <value>
                <![CDATA[8807881338]]>
              </value>
            </param>
            <param index="1">
              <value>
                <![CDATA[Gunapaaroli@1210]]>
              </value>
            </param>
          </params>
          <reporter-output>
          </reporter-output>
        </test-method> <!-- loginToFacebook -->
        <test-method signature="loginToFacebook(java.lang.String,java.lang.String)[pri:0, instance:Facebook.FacebookDDTWithDataProvider@45752059]" started-at="2025-06-01T19:25:35 IST" name="loginToFacebook" data-provider="LoginData1" finished-at="2025-06-01T19:25:38 IST" duration-ms="3508" status="PASS">
          <params>
            <param index="0">
              <value>
                <![CDATA[bdsfzbzf]]>
              </value>
            </param>
            <param index="1">
              <value>
                <![CDATA[Gunapaaroli@1210]]>
              </value>
            </param>
          </params>
          <reporter-output>
          </reporter-output>
        </test-method> <!-- loginToFacebook -->
        <test-method signature="loginToFacebook(java.lang.String,java.lang.String)[pri:0, instance:Facebook.FacebookDDTWithDataProvider@45752059]" started-at="2025-06-01T19:25:38 IST" name="loginToFacebook" data-provider="LoginData1" finished-at="2025-06-01T19:25:42 IST" duration-ms="3945" status="PASS">
          <params>
            <param index="0">
              <value>
                <![CDATA[8807881338]]>
              </value>
            </param>
            <param index="1">
              <value>
                <![CDATA[vdvsdvv]]>
              </value>
            </param>
          </params>
          <reporter-output>
          </reporter-output>
        </test-method> <!-- loginToFacebook -->
        <test-method signature="loginToFacebook(java.lang.String,java.lang.String)[pri:0, instance:Facebook.FacebookDDTWithDataProvider@45752059]" started-at="2025-06-01T19:25:42 IST" name="loginToFacebook" data-provider="LoginData1" finished-at="2025-06-01T19:25:47 IST" duration-ms="4339" status="PASS">
          <params>
            <param index="0">
              <value>
                <![CDATA[fzbzfdbr]]>
              </value>
            </param>
            <param index="1">
              <value>
                <![CDATA[zdvsdvbr]]>
              </value>
            </param>
          </params>
          <reporter-output>
          </reporter-output>
        </test-method> <!-- loginToFacebook -->
        <test-method signature="loginToFacebook(java.lang.String,java.lang.String)[pri:0, instance:Facebook.FacebookDDTWithDataProvider@45752059]" started-at="2025-06-01T19:25:47 IST" name="loginToFacebook" data-provider="LoginData1" finished-at="2025-06-01T19:25:50 IST" duration-ms="3475" status="FAIL">
          <params>
            <param index="0">
              <value is-null="true"/>
            </param>
            <param index="1">
              <value is-null="true"/>
            </param>
          </params>
          <exception class="java.lang.IllegalArgumentException">
            <message>
              <![CDATA[Keys to send should be a not null CharSequence]]>
            </message>
            <full-stacktrace>
              <![CDATA[java.lang.IllegalArgumentException: Keys to send should be a not null CharSequence
at org.openqa.selenium.remote.RemoteWebElement.sendKeys(RemoteWebElement.java:96)
at Facebook.FacebookDDTWithDataProvider.loginToFacebook(FacebookDDTWithDataProvider.java:71)
at java.base/jdk.internal.reflect.DirectMethodHandleAccessor.invoke(DirectMethodHandleAccessor.java:103)
at java.base/java.lang.reflect.Method.invoke(Method.java:580)
at org.testng.internal.MethodInvocationHelper.invokeMethod(MethodInvocationHelper.java:133)
at org.testng.internal.TestInvoker.invokeMethod(TestInvoker.java:598)
at org.testng.internal.TestInvoker.invokeTestMethod(TestInvoker.java:173)
at org.testng.internal.MethodRunner.runInSequence(MethodRunner.java:46)
at org.testng.internal.TestInvoker$MethodInvocationAgent.invoke(TestInvoker.java:824)
at org.testng.internal.TestInvoker.invokeTestMethods(TestInvoker.java:146)
at org.testng.internal.TestMethodWorker.invokeTestMethods(TestMethodWorker.java:146)
at org.testng.internal.TestMethodWorker.run(TestMethodWorker.java:128)
at java.base/java.util.ArrayList.forEach(ArrayList.java:1597)
at org.testng.TestRunner.privateRun(TestRunner.java:794)
at org.testng.TestRunner.run(TestRunner.java:596)
at org.testng.SuiteRunner.runTest(SuiteRunner.java:377)
at org.testng.SuiteRunner.runSequentially(SuiteRunner.java:371)
at org.testng.SuiteRunner.privateRun(SuiteRunner.java:332)
at org.testng.SuiteRunner.run(SuiteRunner.java:276)
at org.testng.SuiteRunnerWorker.runSuite(SuiteRunnerWorker.java:53)
at org.testng.SuiteRunnerWorker.run(SuiteRunnerWorker.java:96)
at org.testng.TestNG.runSuitesSequentially(TestNG.java:1212)
at org.testng.TestNG.runSuitesLocally(TestNG.java:1134)
at org.testng.TestNG.runSuites(TestNG.java:1063)
at org.testng.TestNG.run(TestNG.java:1031)
at org.testng.remote.AbstractRemoteTestNG.run(AbstractRemoteTestNG.java:115)
at org.testng.remote.RemoteTestNG.initAndRun(RemoteTestNG.java:293)
at org.testng.remote.RemoteTestNG.main(RemoteTestNG.java:91)
]]>
            </full-stacktrace>
          </exception> <!-- java.lang.IllegalArgumentException -->
          <reporter-output>
          </reporter-output>
        </test-method> <!-- loginToFacebook -->
      </class> <!-- Facebook.FacebookDDTWithDataProvider -->
    </test> <!-- Default test(failed) -->
  </suite> <!-- Failed suite [Default suite] -->
</testng-results>
