<?xml version="1.0" encoding="UTF-8"?>
<!-- Generated by org.testng.reporters.JUnitXMLReporter -->
<testsuite ignored="0" hostname="DESKTOP-9AFDMTT" failures="0" tests="5" name="Default test" time="32.563" errors="0" timestamp="2025-06-01T19:48:18 IST">
  <testcase classname="Facebook.FacebookDDTWithDataProvider" name="loginToFacebook" time="7.204"/>
  <testcase classname="Facebook.FacebookDDTWithDataProvider" name="loginToFacebook" time="6.161"/>
  <testcase classname="Facebook.FacebookDDTWithDataProvider" name="loginToFacebook" time="6.026"/>
  <testcase classname="Facebook.FacebookDDTWithDataProvider" name="loginToFacebook" time="6.029"/>
  <testcase classname="Facebook.FacebookDDTWithDataProvider" name="loginToFacebook" time="5.975"/>
</testsuite> <!-- Default test -->
