<?xml version="1.0" encoding="UTF-8"?>
<!-- Generated by org.testng.reporters.JUnitXMLReporter -->
<testsuite ignored="0" hostname="DESKTOP-9AFDMTT" failures="0" tests="2" name="TC01Test" time="26.553" errors="0" timestamp="2025-06-19T13:53:15 IST">
  <testcase classname="amazonpackage.AmazonProjectMaven.TC01_NewUserRegistration" name="NewUserRegistration" time="5.776">
    <skipped/>
  </testcase> <!-- NewUserRegistration -->
  <testcase classname="amazonpackage.AmazonProjectMaven.TC01_NewUserRegistration" name="NewUserRegistration" time="7.37"/>
</testsuite> <!-- TC01Test -->
