<?xml version="1.0" encoding="UTF-8"?>
<!-- Generated by org.testng.reporters.JUnitXMLReporter -->
<testsuite ignored="0" hostname="DESKTOP-9AFDMTT" failures="1" tests="1" name="Test" time="0.074" errors="0" timestamp="2025-05-23T19:50:30 IST">
  <testcase classname="FacebookPractice.FB_Login" name="loginToFacebook" time="0.028">
    <failure type="java.lang.NoClassDefFoundError" message="org/apache/commons/collections4/ListValuedMap">
      <![CDATA[java.lang.NoClassDefFoundError: org/apache/commons/collections4/ListValuedMap
at Utilities.FetchDataFromExcel.getData(FetchDataFromExcel.java:15)
at FacebookPractice.FB_Login.loginToFacebook(FB_Login.java:32)
at java.base/java.util.ArrayList.forEach(ArrayList.java:1597)
Caused by: java.lang.ClassNotFoundException: org.apache.commons.collections4.ListValuedMap
at java.base/jdk.internal.loader.BuiltinClassLoader.loadClass(BuiltinClassLoader.java:641)
at java.base/jdk.internal.loader.ClassLoaders$AppClassLoader.loadClass(ClassLoaders.java:188)
at java.base/java.lang.ClassLoader.loadClass(ClassLoader.java:528)
... 28 more
... Removed 25 stack frames]]>
    </failure>
  </testcase> <!-- loginToFacebook -->
</testsuite> <!-- Test -->
