<?xml version="1.0" encoding="UTF-8"?>
<!-- Generated by org.testng.reporters.JUnitXMLReporter -->
<testsuite ignored="0" hostname="DESKTOP-9AFDMTT" failures="0" tests="4" name="TC05Test" time="55.09" errors="0" timestamp="2025-06-23T09:05:02 IST">
  <testcase classname="amazonpackage.AmazonProjectMaven.TC05_SearchProduct" name="SearchProduct" time="4.42"/>
  <testcase classname="amazonpackage.AmazonProjectMaven.TC05_SearchProduct" name="SearchProduct" time="4.947"/>
  <testcase classname="amazonpackage.AmazonProjectMaven.TC05_SearchProduct" name="SearchProduct" time="3.519"/>
  <testcase classname="amazonpackage.AmazonProjectMaven.TC05_SearchProduct" name="SearchProduct" time="5.666"/>
</testsuite> <!-- TC05Test -->
